<?xml version="1.0" encoding="UTF-8"?>
<!-- Generated by org.testng.reporters.JUnitXMLReporter -->
<testsuite ignored="0" hostname="LAPTOP-76O6A7JS" failures="0" tests="3" name="Default test" time="37.144" errors="0" timestamp="2022-11-04T09:46:12 IST">
  <testcase classname="common.qa.test.SearchMoive_Test" name="testIMBDPAge" time="15.736"/>
  <testcase classname="common.qa.test.SearchMoive_Test" name="testWikiPage" time="5.862"/>
  <testcase classname="common.qa.test.SearchMoive_Test" name="testValidateMoviewDeatils" time="0.0"/>
</testsuite> <!-- Default test -->
